# JRE version: OpenJDK Runtime Environment (17.0.6+10) (build 17.0.6+10-LTS)
# Java VM: OpenJDK 64-Bit Server VM (17.0.6+10-LTS, mixed mode, sharing, tiered, compressed oops, compressed class ptrs, g1 gc, windows-amd64)
GC Precious Log:
 CPUs: 12 total, 12 available
 Memory: 65277M
 Large Page Support: Disabled
 NUMA Support: Disabled
 Compressed Oops: Enabled (Zero based)
 Heap Region Size: 2M
 Heap Min Capacity: 8M
 Heap Initial Capacity: 1020M
 Heap Max Capacity: 4G
 Pre-touch: Disabled
 Parallel Workers: 10
 Concurrent Workers: 3
 Concurrent Refinement Workers: 10
 Periodic GC: Disabled
Heap:
 garbage-first heap   total 636928K, used 318340K [0x0000000700000000, 0x0000000800000000)
  region size 2048K, 90 young (184320K), 2 survivors (4096K)
 Metaspace       used 79848K, committed 80640K, reserved 1122304K
  class space    used 11065K, committed 11392K, reserved 1048576K
GC Heap History (20 events):
Event: 6.260 GC heap before
{Heap before GC invocations=6 (full 0):
 garbage-first heap   total 198656K, used 72514K [0x0000000700000000, 0x0000000800000000)
  region size 2048K, 9 young (18432K), 8 survivors (16384K)
 Metaspace       used 34358K, committed 34816K, reserved 1081344K
  class space    used 4802K, committed 4992K, reserved 1048576K
}
Event: 6.263 GC heap after
{Heap after GC invocations=7 (full 0):
 garbage-first heap   total 198656K, used 73414K [0x0000000700000000, 0x0000000800000000)
  region size 2048K, 2 young (4096K), 2 survivors (4096K)
 Metaspace       used 34358K, committed 34816K, reserved 1081344K
  class space    used 4802K, committed 4992K, reserved 1048576K
}
Event: 6.386 GC heap before
{Heap before GC invocations=7 (full 0):
 garbage-first heap   total 198656K, used 91846K [0x0000000700000000, 0x0000000800000000)
  region size 2048K, 12 young (24576K), 2 survivors (4096K)
 Metaspace       used 35674K, committed 36096K, reserved 1081344K
  class space    used 4951K, committed 5120K, reserved 1048576K
}
Event: 6.387 GC heap after
{Heap after GC invocations=8 (full 0):
 garbage-first heap   total 198656K, used 75377K [0x0000000700000000, 0x0000000800000000)
  region size 2048K, 3 young (6144K), 3 survivors (6144K)
 Metaspace       used 35674K, committed 36096K, reserved 1081344K
  class space    used 4951K, committed 5120K, reserved 1048576K
}
Event: 7.292 GC heap before
{Heap before GC invocations=9 (full 0):
 garbage-first heap   total 198656K, used 147057K [0x0000000700000000, 0x0000000800000000)
  region size 2048K, 38 young (77824K), 3 survivors (6144K)
 Metaspace       used 41541K, committed 42048K, reserved 1089536K
  class space    used 5769K, committed 6016K, reserved 1048576K
}
Event: 7.294 GC heap after
{Heap after GC invocations=10 (full 0):
 garbage-first heap   total 198656K, used 79864K [0x0000000700000000, 0x0000000800000000)
  region size 2048K, 5 young (10240K), 5 survivors (10240K)
 Metaspace       used 41541K, committed 42048K, reserved 1089536K
  class space    used 5769K, committed 6016K, reserved 1048576K
}
Event: 8.944 GC heap before
{Heap before GC invocations=11 (full 0):
 garbage-first heap   total 198656K, used 153592K [0x0000000700000000, 0x0000000800000000)
  region size 2048K, 40 young (81920K), 5 survivors (10240K)
 Metaspace       used 47097K, committed 47680K, reserved 1097728K
  class space    used 6541K, committed 6784K, reserved 1048576K
}
Event: 8.947 GC heap after
{Heap after GC invocations=12 (full 0):
 garbage-first heap   total 198656K, used 92300K [0x0000000700000000, 0x0000000800000000)
  region size 2048K, 5 young (10240K), 5 survivors (10240K)
 Metaspace       used 47097K, committed 47680K, reserved 1097728K
  class space    used 6541K, committed 6784K, reserved 1048576K
}
Event: 9.270 GC heap before
{Heap before GC invocations=12 (full 0):
 garbage-first heap   total 198656K, used 151692K [0x0000000700000000, 0x0000000800000000)
  region size 2048K, 35 young (71680K), 5 survivors (10240K)
 Metaspace       used 53990K, committed 54592K, reserved 1097728K
  class space    used 7383K, committed 7616K, reserved 1048576K
}
Event: 9.272 GC heap after
{Heap after GC invocations=13 (full 0):
 garbage-first heap   total 198656K, used 97134K [0x0000000700000000, 0x0000000800000000)
  region size 2048K, 3 young (6144K), 3 survivors (6144K)
 Metaspace       used 53990K, committed 54592K, reserved 1097728K
  class space    used 7383K, committed 7616K, reserved 1048576K
}
Event: 9.554 GC heap before
{Heap before GC invocations=13 (full 0):
 garbage-first heap   total 198656K, used 152430K [0x0000000700000000, 0x0000000800000000)
  region size 2048K, 31 young (63488K), 3 survivors (6144K)
 Metaspace       used 57911K, committed 58496K, reserved 1105920K
  class space    used 7865K, committed 8128K, reserved 1048576K
}
Event: 9.556 GC heap after
{Heap after GC invocations=14 (full 0):
 garbage-first heap   total 198656K, used 101569K [0x0000000700000000, 0x0000000800000000)
  region size 2048K, 3 young (6144K), 3 survivors (6144K)
 Metaspace       used 57911K, committed 58496K, reserved 1105920K
  class space    used 7865K, committed 8128K, reserved 1048576K
}
Event: 9.788 GC heap before
{Heap before GC invocations=15 (full 0):
 garbage-first heap   total 198656K, used 156865K [0x0000000700000000, 0x0000000800000000)
  region size 2048K, 30 young (61440K), 3 survivors (6144K)
 Metaspace       used 61412K, committed 62016K, reserved 1105920K
  class space    used 8480K, committed 8704K, reserved 1048576K
}
Event: 9.790 GC heap after
{Heap after GC invocations=16 (full 0):
 garbage-first heap   total 198656K, used 105138K [0x0000000700000000, 0x0000000800000000)
  region size 2048K, 2 young (4096K), 2 survivors (4096K)
 Metaspace       used 61412K, committed 62016K, reserved 1105920K
  class space    used 8480K, committed 8704K, reserved 1048576K
}
Event: 10.141 GC heap before
{Heap before GC invocations=16 (full 0):
 garbage-first heap   total 198656K, used 146098K [0x0000000700000000, 0x0000000800000000)
  region size 2048K, 23 young (47104K), 2 survivors (4096K)
 Metaspace       used 65413K, committed 66112K, reserved 1105920K
  class space    used 9088K, committed 9344K, reserved 1048576K
}
Event: 10.143 GC heap after
{Heap after GC invocations=17 (full 0):
 garbage-first heap   total 198656K, used 109489K [0x0000000700000000, 0x0000000800000000)
  region size 2048K, 4 young (8192K), 4 survivors (8192K)
 Metaspace       used 65413K, committed 66112K, reserved 1105920K
  class space    used 9088K, committed 9344K, reserved 1048576K
}
Event: 10.194 GC heap before
{Heap before GC invocations=18 (full 0):
 garbage-first heap   total 198656K, used 115633K [0x0000000700000000, 0x0000000800000000)
  region size 2048K, 5 young (10240K), 4 survivors (8192K)
 Metaspace       used 65415K, committed 66112K, reserved 1105920K
  class space    used 9088K, committed 9344K, reserved 1048576K
}
Event: 10.195 GC heap after
{Heap after GC invocations=19 (full 0):
 garbage-first heap   total 198656K, used 116907K [0x0000000700000000, 0x0000000800000000)
  region size 2048K, 1 young (2048K), 1 survivors (2048K)
 Metaspace       used 65415K, committed 66112K, reserved 1105920K
  class space    used 9088K, committed 9344K, reserved 1048576K
}
Event: 10.248 GC heap before
{Heap before GC invocations=20 (full 0):
 garbage-first heap   total 229376K, used 135339K [0x0000000700000000, 0x0000000800000000)
  region size 2048K, 2 young (4096K), 1 survivors (2048K)
 Metaspace       used 65415K, committed 66112K, reserved 1105920K
  class space    used 9088K, committed 9344K, reserved 1048576K
}
Event: 10.249 GC heap after
{Heap after GC invocations=21 (full 0):
 garbage-first heap   total 636928K, used 136068K [0x0000000700000000, 0x0000000800000000)
  region size 2048K, 2 young (4096K), 2 survivors (4096K)
 Metaspace       used 65415K, committed 66112K, reserved 1105920K
  class space    used 9088K, committed 9344K, reserved 1048576K
}

